c:\users\1\documents\ригелина\ригелина\library\library\x64\debug\vc141.pdb
c:\users\1\documents\ригелина\ригелина\library\library\x64\debug\vc141.idb
c:\users\1\documents\ригелина\ригелина\library\library\x64\debug\source.obj
c:\users\1\documents\ригелина\ригелина\library\library\x64\debug\form.pb.obj
c:\users\1\documents\ригелина\ригелина\library\x64\debug\library.lib
c:\users\1\documents\ригелина\ригелина\library\x64\debug\library.exp
c:\users\1\documents\ригелина\ригелина\library\library\x64\debug\vcpkg.applocal.log
c:\users\1\documents\ригелина\ригелина\library\x64\debug\library.pdb
c:\users\1\documents\ригелина\ригелина\library\library\x64\debug\library.tlog\cl.command.1.tlog
c:\users\1\documents\ригелина\ригелина\library\library\x64\debug\library.tlog\cl.read.1.tlog
c:\users\1\documents\ригелина\ригелина\library\library\x64\debug\library.tlog\cl.write.1.tlog
c:\users\1\documents\ригелина\ригелина\library\library\x64\debug\library.tlog\library.write.1u.tlog
c:\users\1\documents\ригелина\ригелина\library\library\x64\debug\library.tlog\link-cvtres.read.1.tlog
c:\users\1\documents\ригелина\ригелина\library\library\x64\debug\library.tlog\link-cvtres.write.1.tlog
c:\users\1\documents\ригелина\ригелина\library\library\x64\debug\library.tlog\link-rc.read.1.tlog
c:\users\1\documents\ригелина\ригелина\library\library\x64\debug\library.tlog\link-rc.write.1.tlog
c:\users\1\documents\ригелина\ригелина\library\library\x64\debug\library.tlog\link.1188-cvtres.read.1.tlog
c:\users\1\documents\ригелина\ригелина\library\library\x64\debug\library.tlog\link.1188-cvtres.write.1.tlog
c:\users\1\documents\ригелина\ригелина\library\library\x64\debug\library.tlog\link.1188-rc.read.1.tlog
c:\users\1\documents\ригелина\ригелина\library\library\x64\debug\library.tlog\link.1188-rc.write.1.tlog
c:\users\1\documents\ригелина\ригелина\library\library\x64\debug\library.tlog\link.1188.read.1.tlog
c:\users\1\documents\ригелина\ригелина\library\library\x64\debug\library.tlog\link.1188.write.1.tlog
c:\users\1\documents\ригелина\ригелина\library\library\x64\debug\library.tlog\link.command.1.tlog
c:\users\1\documents\ригелина\ригелина\library\library\x64\debug\library.tlog\link.delete.1.tlog
c:\users\1\documents\ригелина\ригелина\library\library\x64\debug\library.tlog\link.read.1.tlog
c:\users\1\documents\ригелина\ригелина\library\library\x64\debug\library.tlog\link.write.1.tlog
