  Form.cpp
     ╤ючфрхЄё  сшсышюЄхър C:\Users\1\Documents\╨шухышэр\╨шухышэр\Library\x64\Debug\Library.lib ш юс·хъЄ C:\Users\1\Documents\╨шухышэр\╨шухышэр\Library\x64\Debug\Library.exp
libprotobufd.lib(arena.obj) : warning LNK4099: "libprotobuf.pdb" PDB эх эрщфхэ ё "libprotobufd.lib(arena.obj)" шыш эр "C:\Users\1\Documents\╨шухышэр\╨шухышэр\Library\x64\Debug\libprotobuf.pdb"; ъюьяюэютър юс·хъЄр т√яюыэ хЄё  ъръ яЁш юЄёєЄёЄтшш юЄырфюўэ√ї фрээ√ї
libprotobufd.lib(extension_set.obj) : warning LNK4099: "libprotobuf.pdb" PDB эх эрщфхэ ё "libprotobufd.lib(extension_set.obj)" шыш эр "C:\Users\1\Documents\╨шухышэр\╨шухышэр\Library\x64\Debug\libprotobuf.pdb"; ъюьяюэютър юс·хъЄр т√яюыэ хЄё  ъръ яЁш юЄёєЄёЄтшш юЄырфюўэ√ї фрээ√ї
libprotobufd.lib(generated_message_util.obj) : warning LNK4099: "libprotobuf.pdb" PDB эх эрщфхэ ё "libprotobufd.lib(generated_message_util.obj)" шыш эр "C:\Users\1\Documents\╨шухышэр\╨шухышэр\Library\x64\Debug\libprotobuf.pdb"; ъюьяюэютър юс·хъЄр т√яюыэ хЄё  ъръ яЁш юЄёєЄёЄтшш юЄырфюўэ√ї фрээ√ї
libprotobufd.lib(coded_stream.obj) : warning LNK4099: "libprotobuf.pdb" PDB эх эрщфхэ ё "libprotobufd.lib(coded_stream.obj)" шыш эр "C:\Users\1\Documents\╨шухышэр\╨шухышэр\Library\x64\Debug\libprotobuf.pdb"; ъюьяюэютър юс·хъЄр т√яюыэ хЄё  ъръ яЁш юЄёєЄёЄтшш юЄырфюўэ√ї фрээ√ї
libprotobufd.lib(zero_copy_stream.obj) : warning LNK4099: "libprotobuf.pdb" PDB эх эрщфхэ ё "libprotobufd.lib(zero_copy_stream.obj)" шыш эр "C:\Users\1\Documents\╨шухышэр\╨шухышэр\Library\x64\Debug\libprotobuf.pdb"; ъюьяюэютър юс·хъЄр т√яюыэ хЄё  ъръ яЁш юЄёєЄёЄтшш юЄырфюўэ√ї фрээ√ї
libprotobufd.lib(zero_copy_stream_impl_lite.obj) : warning LNK4099: "libprotobuf.pdb" PDB эх эрщфхэ ё "libprotobufd.lib(zero_copy_stream_impl_lite.obj)" шыш эр "C:\Users\1\Documents\╨шухышэр\╨шухышэр\Library\x64\Debug\libprotobuf.pdb"; ъюьяюэютър юс·хъЄр т√яюыэ хЄё  ъръ яЁш юЄёєЄёЄтшш юЄырфюўэ√ї фрээ√ї
libprotobufd.lib(message_lite.obj) : warning LNK4099: "libprotobuf.pdb" PDB эх эрщфхэ ё "libprotobufd.lib(message_lite.obj)" шыш эр "C:\Users\1\Documents\╨шухышэр\╨шухышэр\Library\x64\Debug\libprotobuf.pdb"; ъюьяюэютър юс·хъЄр т√яюыэ хЄё  ъръ яЁш юЄёєЄёЄтшш юЄырфюўэ√ї фрээ√ї
libprotobufd.lib(repeated_field.obj) : warning LNK4099: "libprotobuf.pdb" PDB эх эрщфхэ ё "libprotobufd.lib(repeated_field.obj)" шыш эр "C:\Users\1\Documents\╨шухышэр\╨шухышэр\Library\x64\Debug\libprotobuf.pdb"; ъюьяюэютър юс·хъЄр т√яюыэ хЄё  ъръ яЁш юЄёєЄёЄтшш юЄырфюўэ√ї фрээ√ї
libprotobufd.lib(atomicops_internals_x86_msvc.obj) : warning LNK4099: "libprotobuf.pdb" PDB эх эрщфхэ ё "libprotobufd.lib(atomicops_internals_x86_msvc.obj)" шыш эр "C:\Users\1\Documents\╨шухышэр\╨шухышэр\Library\x64\Debug\libprotobuf.pdb"; ъюьяюэютър юс·хъЄр т√яюыэ хЄё  ъръ яЁш юЄёєЄёЄтшш юЄырфюўэ√ї фрээ√ї
libprotobufd.lib(common.obj) : warning LNK4099: "libprotobuf.pdb" PDB эх эрщфхэ ё "libprotobufd.lib(common.obj)" шыш эр "C:\Users\1\Documents\╨шухышэр\╨шухышэр\Library\x64\Debug\libprotobuf.pdb"; ъюьяюэютър юс·хъЄр т√яюыэ хЄё  ъръ яЁш юЄёєЄёЄтшш юЄырфюўэ√ї фрээ√ї
libprotobufd.lib(int128.obj) : warning LNK4099: "libprotobuf.pdb" PDB эх эрщфхэ ё "libprotobufd.lib(int128.obj)" шыш эр "C:\Users\1\Documents\╨шухышэр\╨шухышэр\Library\x64\Debug\libprotobuf.pdb"; ъюьяюэютър юс·хъЄр т√яюыэ хЄё  ъръ яЁш юЄёєЄёЄтшш юЄырфюўэ√ї фрээ√ї
libprotobufd.lib(once.obj) : warning LNK4099: "libprotobuf.pdb" PDB эх эрщфхэ ё "libprotobufd.lib(once.obj)" шыш эр "C:\Users\1\Documents\╨шухышэр\╨шухышэр\Library\x64\Debug\libprotobuf.pdb"; ъюьяюэютър юс·хъЄр т√яюыэ хЄё  ъръ яЁш юЄёєЄёЄтшш юЄырфюўэ√ї фрээ√ї
libprotobufd.lib(status.obj) : warning LNK4099: "libprotobuf.pdb" PDB эх эрщфхэ ё "libprotobufd.lib(status.obj)" шыш эр "C:\Users\1\Documents\╨шухышэр\╨шухышэр\Library\x64\Debug\libprotobuf.pdb"; ъюьяюэютър юс·хъЄр т√яюыэ хЄё  ъръ яЁш юЄёєЄёЄтшш юЄырфюўэ√ї фрээ√ї
libprotobufd.lib(stringpiece.obj) : warning LNK4099: "libprotobuf.pdb" PDB эх эрщфхэ ё "libprotobufd.lib(stringpiece.obj)" шыш эр "C:\Users\1\Documents\╨шухышэр\╨шухышэр\Library\x64\Debug\libprotobuf.pdb"; ъюьяюэютър юс·хъЄр т√яюыэ хЄё  ъръ яЁш юЄёєЄёЄтшш юЄырфюўэ√ї фрээ√ї
libprotobufd.lib(stringprintf.obj) : warning LNK4099: "libprotobuf.pdb" PDB эх эрщфхэ ё "libprotobufd.lib(stringprintf.obj)" шыш эр "C:\Users\1\Documents\╨шухышэр\╨шухышэр\Library\x64\Debug\libprotobuf.pdb"; ъюьяюэютър юс·хъЄр т√яюыэ хЄё  ъръ яЁш юЄёєЄёЄтшш юЄырфюўэ√ї фрээ√ї
libprotobufd.lib(structurally_valid.obj) : warning LNK4099: "libprotobuf.pdb" PDB эх эрщфхэ ё "libprotobufd.lib(structurally_valid.obj)" шыш эр "C:\Users\1\Documents\╨шухышэр\╨шухышэр\Library\x64\Debug\libprotobuf.pdb"; ъюьяюэютър юс·хъЄр т√яюыэ хЄё  ъръ яЁш юЄёєЄёЄтшш юЄырфюўэ√ї фрээ√ї
libprotobufd.lib(strutil.obj) : warning LNK4099: "libprotobuf.pdb" PDB эх эрщфхэ ё "libprotobufd.lib(strutil.obj)" шыш эр "C:\Users\1\Documents\╨шухышэр\╨шухышэр\Library\x64\Debug\libprotobuf.pdb"; ъюьяюэютър юс·хъЄр т√яюыэ хЄё  ъръ яЁш юЄёєЄёЄтшш юЄырфюўэ√ї фрээ√ї
libprotobufd.lib(wire_format_lite.obj) : warning LNK4099: "libprotobuf.pdb" PDB эх эрщфхэ ё "libprotobufd.lib(wire_format_lite.obj)" шыш эр "C:\Users\1\Documents\╨шухышэр\╨шухышэр\Library\x64\Debug\libprotobuf.pdb"; ъюьяюэютър юс·хъЄр т√яюыэ хЄё  ъръ яЁш юЄёєЄёЄтшш юЄырфюўэ√ї фрээ√ї
libprotobufd.lib(any.obj) : warning LNK4099: "libprotobuf.pdb" PDB эх эрщфхэ ё "libprotobufd.lib(any.obj)" шыш эр "C:\Users\1\Documents\╨шухышэр\╨шухышэр\Library\x64\Debug\libprotobuf.pdb"; ъюьяюэютър юс·хъЄр т√яюыэ хЄё  ъръ яЁш юЄёєЄёЄтшш юЄырфюўэ√ї фрээ√ї
libprotobufd.lib(descriptor.obj) : warning LNK4099: "libprotobuf.pdb" PDB эх эрщфхэ ё "libprotobufd.lib(descriptor.obj)" шыш эр "C:\Users\1\Documents\╨шухышэр\╨шухышэр\Library\x64\Debug\libprotobuf.pdb"; ъюьяюэютър юс·хъЄр т√яюыэ хЄё  ъръ яЁш юЄёєЄёЄтшш юЄырфюўэ√ї фрээ√ї
libprotobufd.lib(descriptor.pb.obj) : warning LNK4099: "libprotobuf.pdb" PDB эх эрщфхэ ё "libprotobufd.lib(descriptor.pb.obj)" шыш эр "C:\Users\1\Documents\╨шухышэр\╨шухышэр\Library\x64\Debug\libprotobuf.pdb"; ъюьяюэютър юс·хъЄр т√яюыэ хЄё  ъръ яЁш юЄёєЄёЄтшш юЄырфюўэ√ї фрээ√ї
libprotobufd.lib(descriptor_database.obj) : warning LNK4099: "libprotobuf.pdb" PDB эх эрщфхэ ё "libprotobufd.lib(descriptor_database.obj)" шыш эр "C:\Users\1\Documents\╨шухышэр\╨шухышэр\Library\x64\Debug\libprotobuf.pdb"; ъюьяюэютър юс·хъЄр т√яюыэ хЄё  ъръ яЁш юЄёєЄёЄтшш юЄырфюўэ√ї фрээ√ї
libprotobufd.lib(dynamic_message.obj) : warning LNK4099: "libprotobuf.pdb" PDB эх эрщфхэ ё "libprotobufd.lib(dynamic_message.obj)" шыш эр "C:\Users\1\Documents\╨шухышэр\╨шухышэр\Library\x64\Debug\libprotobuf.pdb"; ъюьяюэютър юс·хъЄр т√яюыэ хЄё  ъръ яЁш юЄёєЄёЄтшш юЄырфюўэ√ї фрээ√ї
libprotobufd.lib(extension_set_heavy.obj) : warning LNK4099: "libprotobuf.pdb" PDB эх эрщфхэ ё "libprotobufd.lib(extension_set_heavy.obj)" шыш эр "C:\Users\1\Documents\╨шухышэр\╨шухышэр\Library\x64\Debug\libprotobuf.pdb"; ъюьяюэютър юс·хъЄр т√яюыэ хЄё  ъръ яЁш юЄёєЄёЄтшш юЄырфюўэ√ї фрээ√ї
libprotobufd.lib(generated_message_reflection.obj) : warning LNK4099: "libprotobuf.pdb" PDB эх эрщфхэ ё "libprotobufd.lib(generated_message_reflection.obj)" шыш эр "C:\Users\1\Documents\╨шухышэр\╨шухышэр\Library\x64\Debug\libprotobuf.pdb"; ъюьяюэютър юс·хъЄр т√яюыэ хЄё  ъръ яЁш юЄёєЄёЄтшш юЄырфюўэ√ї фрээ√ї
libprotobufd.lib(strtod.obj) : warning LNK4099: "libprotobuf.pdb" PDB эх эрщфхэ ё "libprotobufd.lib(strtod.obj)" шыш эр "C:\Users\1\Documents\╨шухышэр\╨шухышэр\Library\x64\Debug\libprotobuf.pdb"; ъюьяюэютър юс·хъЄр т√яюыэ хЄё  ъръ яЁш юЄёєЄёЄтшш юЄырфюўэ√ї фрээ√ї
libprotobufd.lib(tokenizer.obj) : warning LNK4099: "libprotobuf.pdb" PDB эх эрщфхэ ё "libprotobufd.lib(tokenizer.obj)" шыш эр "C:\Users\1\Documents\╨шухышэр\╨шухышэр\Library\x64\Debug\libprotobuf.pdb"; ъюьяюэютър юс·хъЄр т√яюыэ хЄё  ъръ яЁш юЄёєЄёЄтшш юЄырфюўэ√ї фрээ√ї
libprotobufd.lib(zero_copy_stream_impl.obj) : warning LNK4099: "libprotobuf.pdb" PDB эх эрщфхэ ё "libprotobufd.lib(zero_copy_stream_impl.obj)" шыш эр "C:\Users\1\Documents\╨шухышэр\╨шухышэр\Library\x64\Debug\libprotobuf.pdb"; ъюьяюэютър юс·хъЄр т√яюыэ хЄё  ъръ яЁш юЄёєЄёЄтшш юЄырфюўэ√ї фрээ√ї
libprotobufd.lib(map_field.obj) : warning LNK4099: "libprotobuf.pdb" PDB эх эрщфхэ ё "libprotobufd.lib(map_field.obj)" шыш эр "C:\Users\1\Documents\╨шухышэр\╨шухышэр\Library\x64\Debug\libprotobuf.pdb"; ъюьяюэютър юс·хъЄр т√яюыэ хЄё  ъръ яЁш юЄёєЄёЄтшш юЄырфюўэ√ї фрээ√ї
libprotobufd.lib(message.obj) : warning LNK4099: "libprotobuf.pdb" PDB эх эрщфхэ ё "libprotobufd.lib(message.obj)" шыш эр "C:\Users\1\Documents\╨шухышэр\╨шухышэр\Library\x64\Debug\libprotobuf.pdb"; ъюьяюэютър юс·хъЄр т√яюыэ хЄё  ъръ яЁш юЄёєЄёЄтшш юЄырфюўэ√ї фрээ√ї
libprotobufd.lib(reflection_ops.obj) : warning LNK4099: "libprotobuf.pdb" PDB эх эрщфхэ ё "libprotobufd.lib(reflection_ops.obj)" шыш эр "C:\Users\1\Documents\╨шухышэр\╨шухышэр\Library\x64\Debug\libprotobuf.pdb"; ъюьяюэютър юс·хъЄр т√яюыэ хЄё  ъръ яЁш юЄёєЄёЄтшш юЄырфюўэ√ї фрээ√ї
libprotobufd.lib(substitute.obj) : warning LNK4099: "libprotobuf.pdb" PDB эх эрщфхэ ё "libprotobufd.lib(substitute.obj)" шыш эр "C:\Users\1\Documents\╨шухышэр\╨шухышэр\Library\x64\Debug\libprotobuf.pdb"; ъюьяюэютър юс·хъЄр т√яюыэ хЄё  ъръ яЁш юЄёєЄёЄтшш юЄырфюўэ√ї фрээ√ї
libprotobufd.lib(text_format.obj) : warning LNK4099: "libprotobuf.pdb" PDB эх эрщфхэ ё "libprotobufd.lib(text_format.obj)" шыш эр "C:\Users\1\Documents\╨шухышэр\╨шухышэр\Library\x64\Debug\libprotobuf.pdb"; ъюьяюэютър юс·хъЄр т√яюыэ хЄё  ъръ яЁш юЄёєЄёЄтшш юЄырфюўэ√ї фрээ√ї
libprotobufd.lib(unknown_field_set.obj) : warning LNK4099: "libprotobuf.pdb" PDB эх эрщфхэ ё "libprotobufd.lib(unknown_field_set.obj)" шыш эр "C:\Users\1\Documents\╨шухышэр\╨шухышэр\Library\x64\Debug\libprotobuf.pdb"; ъюьяюэютър юс·хъЄр т√яюыэ хЄё  ъръ яЁш юЄёєЄёЄтшш юЄырфюўэ√ї фрээ√ї
libprotobufd.lib(wire_format.obj) : warning LNK4099: "libprotobuf.pdb" PDB эх эрщфхэ ё "libprotobufd.lib(wire_format.obj)" шыш эр "C:\Users\1\Documents\╨шухышэр\╨шухышэр\Library\x64\Debug\libprotobuf.pdb"; ъюьяюэютър юс·хъЄр т√яюыэ хЄё  ъръ яЁш юЄёєЄёЄтшш юЄырфюўэ√ї фрээ√ї
  Library.vcxproj -> C:\Users\1\Documents\Ригелина\Ригелина\Library\x64\Debug\Library.dll
  Library.vcxproj -> C:\Users\1\Documents\Ригелина\Ригелина\Library\x64\Debug\Library.pdb (Partial PDB)
